Determining if the pthread_create exist failed with the following output:
Change Dir: /home/cesar/ROS/catkin_ws/build/CMakeFiles/CMakeTmp

Run Build Command:/usr/bin/make "cmTryCompileExec2404236951/fast"
/usr/bin/make -f CMakeFiles/cmTryCompileExec2404236951.dir/build.make CMakeFiles/cmTryCompileExec2404236951.dir/build
make[1]: se ingresa al directorio «/home/cesar/ROS/catkin_ws/build/CMakeFiles/CMakeTmp»
/usr/bin/cmake -E cmake_progress_report /home/cesar/ROS/catkin_ws/build/CMakeFiles/CMakeTmp/CMakeFiles 1
Building C object CMakeFiles/cmTryCompileExec2404236951.dir/CheckSymbolExists.c.o
/usr/bin/cc    -o CMakeFiles/cmTryCompileExec2404236951.dir/CheckSymbolExists.c.o   -c /home/cesar/ROS/catkin_ws/build/CMakeFiles/CMakeTmp/CheckSymbolExists.c
Linking C executable cmTryCompileExec2404236951
/usr/bin/cmake -E cmake_link_script CMakeFiles/cmTryCompileExec2404236951.dir/link.txt --verbose=1
/usr/bin/cc       CMakeFiles/cmTryCompileExec2404236951.dir/CheckSymbolExists.c.o  -o cmTryCompileExec2404236951 -rdynamic 
CMakeFiles/cmTryCompileExec2404236951.dir/CheckSymbolExists.c.o: En la función `main':
CheckSymbolExists.c:(.text+0x16): referencia a `pthread_create' sin definir
collect2: error: ld returned 1 exit status
make[1]: *** [cmTryCompileExec2404236951] Error 1
make[1]: se sale del directorio «/home/cesar/ROS/catkin_ws/build/CMakeFiles/CMakeTmp»
make: *** [cmTryCompileExec2404236951/fast] Error 2

File /home/cesar/ROS/catkin_ws/build/CMakeFiles/CMakeTmp/CheckSymbolExists.c:
/* */
#include <pthread.h>

int main(int argc, char** argv)
{
  (void)argv;
#ifndef pthread_create
  return ((int*)(&pthread_create))[argc];
#else
  (void)argc;
  return 0;
#endif
}

Determining if the function pthread_create exists in the pthreads failed with the following output:
Change Dir: /home/cesar/ROS/catkin_ws/build/CMakeFiles/CMakeTmp

Run Build Command:/usr/bin/make "cmTryCompileExec858621522/fast"
/usr/bin/make -f CMakeFiles/cmTryCompileExec858621522.dir/build.make CMakeFiles/cmTryCompileExec858621522.dir/build
make[1]: se ingresa al directorio «/home/cesar/ROS/catkin_ws/build/CMakeFiles/CMakeTmp»
/usr/bin/cmake -E cmake_progress_report /home/cesar/ROS/catkin_ws/build/CMakeFiles/CMakeTmp/CMakeFiles 1
Building C object CMakeFiles/cmTryCompileExec858621522.dir/CheckFunctionExists.c.o
/usr/bin/cc   -DCHECK_FUNCTION_EXISTS=pthread_create   -o CMakeFiles/cmTryCompileExec858621522.dir/CheckFunctionExists.c.o   -c /usr/share/cmake-2.8/Modules/CheckFunctionExists.c
Linking C executable cmTryCompileExec858621522
/usr/bin/cmake -E cmake_link_script CMakeFiles/cmTryCompileExec858621522.dir/link.txt --verbose=1
/usr/bin/cc   -DCHECK_FUNCTION_EXISTS=pthread_create    CMakeFiles/cmTryCompileExec858621522.dir/CheckFunctionExists.c.o  -o cmTryCompileExec858621522 -rdynamic -lpthreads 
/usr/bin/ld: no se puede encontrar -lpthreads
collect2: error: ld returned 1 exit status
make[1]: *** [cmTryCompileExec858621522] Error 1
make[1]: se sale del directorio «/home/cesar/ROS/catkin_ws/build/CMakeFiles/CMakeTmp»
make: *** [cmTryCompileExec858621522/fast] Error 2


